<?xml version="1.0" encoding="UTF-8"?>
<robot generator="Robot 3.1.2 (Python 3.8.1 on win32)" generated="20200329 12:20:38.638" rpa="false">
<suite id="s1" name="RobotDemo" source="C:\Users\Yash\git\Robot-Framework\RobotDemo">
<suite id="s1-s1" name="HandlingLists" source="C:\Users\Yash\git\Robot-Framework\RobotDemo\HandlingLists.robot">
<test id="s1-s1-t1" name="Testing List of Numbers">
<kw name="Evaluate" library="BuiltIn">
<doc>Evaluates the given expression in Python and returns the results.</doc>
<arguments>
<arg>random.sample(range(1, 20), 5)</arg>
<arg>modules=random</arg>
</arguments>
<assign>
<var>${randlist}</var>
</assign>
<msg timestamp="20200329 12:20:38.700" level="INFO">${randlist} = [16, 9, 13, 15, 10]</msg>
<status status="PASS" starttime="20200329 12:20:38.700" endtime="20200329 12:20:38.700"></status>
</kw>
<kw name="Get Length" library="BuiltIn">
<doc>Returns and logs the length of the given item as an integer.</doc>
<arguments>
<arg>${randlist}</arg>
</arguments>
<assign>
<var>${itemcount}</var>
</assign>
<msg timestamp="20200329 12:20:38.700" level="INFO">Length is 5</msg>
<msg timestamp="20200329 12:20:38.700" level="INFO">${itemcount} = 5</msg>
<status status="PASS" starttime="20200329 12:20:38.700" endtime="20200329 12:20:38.700"></status>
</kw>
<kw name="Create List" library="BuiltIn">
<doc>Returns a list containing given items.</doc>
<arguments>
<arg>@{randlist}</arg>
</arguments>
<assign>
<var>${numbers}</var>
</assign>
<msg timestamp="20200329 12:20:38.700" level="INFO">${numbers} = [16, 9, 13, 15, 10]</msg>
<status status="PASS" starttime="20200329 12:20:38.700" endtime="20200329 12:20:38.700"></status>
</kw>
<kw name="Log List" library="Collections">
<doc>Logs the length and contents of the ``list`` using given ``level``.</doc>
<arguments>
<arg>${numbers}</arg>
</arguments>
<msg timestamp="20200329 12:20:38.700" level="INFO">List length is 5 and it contains following items:
0: 16
1: 9
2: 13
3: 15
4: 10</msg>
<status status="PASS" starttime="20200329 12:20:38.700" endtime="20200329 12:20:38.700"></status>
</kw>
<kw name="Sort List" library="Collections">
<doc>Sorts the given list in place.</doc>
<arguments>
<arg>${numbers}</arg>
</arguments>
<status status="PASS" starttime="20200329 12:20:38.700" endtime="20200329 12:20:38.700"></status>
</kw>
<kw name="Log List" library="Collections">
<doc>Logs the length and contents of the ``list`` using given ``level``.</doc>
<arguments>
<arg>${numbers}</arg>
</arguments>
<msg timestamp="20200329 12:20:38.700" level="INFO">List length is 5 and it contains following items:
0: 9
1: 10
2: 13
3: 15
4: 16</msg>
<status status="PASS" starttime="20200329 12:20:38.700" endtime="20200329 12:20:38.700"></status>
</kw>
<status status="PASS" starttime="20200329 12:20:38.700" endtime="20200329 12:20:38.700" critical="yes"></status>
</test>
<test id="s1-s1-t2" name="Testing List Of Letters">
<kw name="Create List" library="BuiltIn">
<doc>Returns a list containing given items.</doc>
<arguments>
<arg>a</arg>
<arg>b</arg>
<arg>c</arg>
</arguments>
<assign>
<var>${letters}</var>
</assign>
<msg timestamp="20200329 12:20:38.700" level="INFO">${letters} = ['a', 'b', 'c']</msg>
<status status="PASS" starttime="20200329 12:20:38.700" endtime="20200329 12:20:38.700"></status>
</kw>
<kw name="Count Values In List" library="Collections">
<doc>Returns the number of occurrences of the given ``value`` in ``list``.</doc>
<arguments>
<arg>${letters}</arg>
<arg>c</arg>
</arguments>
<assign>
<var>${matches}</var>
</assign>
<msg timestamp="20200329 12:20:38.716" level="INFO">${matches} = 1</msg>
<status status="PASS" starttime="20200329 12:20:38.700" endtime="20200329 12:20:38.716"></status>
</kw>
<kw name="Log List" library="Collections">
<doc>Logs the length and contents of the ``list`` using given ``level``.</doc>
<arguments>
<arg>${letters}</arg>
</arguments>
<msg timestamp="20200329 12:20:38.716" level="INFO">List length is 3 and it contains following items:
0: a
1: b
2: c</msg>
<status status="PASS" starttime="20200329 12:20:38.716" endtime="20200329 12:20:38.716"></status>
</kw>
<kw name="List Should Contain Value" library="Collections">
<doc>Fails if the ``value`` is not found from ``list``.</doc>
<arguments>
<arg>${letters}</arg>
<arg>b</arg>
</arguments>
<status status="PASS" starttime="20200329 12:20:38.716" endtime="20200329 12:20:38.716"></status>
</kw>
<kw name="List Should Not Contain Value" library="Collections">
<doc>Fails if the ``value`` is found from ``list``.</doc>
<arguments>
<arg>${letters}</arg>
<arg>z</arg>
</arguments>
<status status="PASS" starttime="20200329 12:20:38.716" endtime="20200329 12:20:38.716"></status>
</kw>
<kw name="Remove Values From List" library="Collections">
<doc>Removes all occurrences of given ``values`` from ``list``.</doc>
<arguments>
<arg>${letters}</arg>
<arg>a</arg>
<arg>c</arg>
</arguments>
<status status="PASS" starttime="20200329 12:20:38.716" endtime="20200329 12:20:38.716"></status>
</kw>
<kw name="Log List" library="Collections">
<doc>Logs the length and contents of the ``list`` using given ``level``.</doc>
<arguments>
<arg>${letters}</arg>
</arguments>
<msg timestamp="20200329 12:20:38.716" level="INFO">List has one item:
b</msg>
<status status="PASS" starttime="20200329 12:20:38.716" endtime="20200329 12:20:38.716"></status>
</kw>
<kw name="Append To List" library="Collections">
<doc>Adds ``values`` to the end of ``list``.</doc>
<arguments>
<arg>${letters}</arg>
<arg>z</arg>
<arg>x</arg>
<arg>j</arg>
<arg>f</arg>
</arguments>
<status status="PASS" starttime="20200329 12:20:38.716" endtime="20200329 12:20:38.716"></status>
</kw>
<kw name="Sort List" library="Collections">
<doc>Sorts the given list in place.</doc>
<arguments>
<arg>${letters}</arg>
</arguments>
<status status="PASS" starttime="20200329 12:20:38.716" endtime="20200329 12:20:38.716"></status>
</kw>
<kw name="Log List" library="Collections">
<doc>Logs the length and contents of the ``list`` using given ``level``.</doc>
<arguments>
<arg>${letters}</arg>
</arguments>
<msg timestamp="20200329 12:20:38.716" level="INFO">List length is 5 and it contains following items:
0: b
1: f
2: j
3: x
4: z</msg>
<status status="PASS" starttime="20200329 12:20:38.716" endtime="20200329 12:20:38.716"></status>
</kw>
<status status="PASS" starttime="20200329 12:20:38.700" endtime="20200329 12:20:38.716" critical="yes"></status>
</test>
<doc>This Demo demonstrates using keywords from the Collections library.
List variables are created using Create List keyword from the BuiltIn Library.
This also demonstrates how to extend Robot Framework using Evaluate keyword to implement
small snippets of embedded Python code.</doc>
<status status="PASS" starttime="20200329 12:20:38.685" endtime="20200329 12:20:38.716"></status>
</suite>
<status status="PASS" starttime="20200329 12:20:38.669" endtime="20200329 12:20:38.716"></status>
</suite>
<statistics>
<total>
<stat pass="2" fail="0">Critical Tests</stat>
<stat pass="2" fail="0">All Tests</stat>
</total>
<tag>
</tag>
<suite>
<stat pass="2" fail="0" id="s1" name="RobotDemo">RobotDemo</stat>
<stat pass="2" fail="0" id="s1-s1" name="HandlingLists">RobotDemo.HandlingLists</stat>
</suite>
</statistics>
<errors>
</errors>
</robot>
